New log file opened at Wed Dec 28 22:49:35 IST 2016 by 11645@harmeet-Vostro-3558
Taking next connection to: 34534
New client attempting to connect on port: 38762-34534
  Address = /127.0.1.1:34534
This client on port 38762 has uuid ba67d606-7145-4b44-8908-3d78f92c3ae5 configName activator humanReadableName Activator protocolVersion 3 featureTags Vector()
Connected Clients: activator-ba67d606-7145-4b44-8908-3d78f92c3ae5
Taking next connection to: 34534
New client attempting to connect on port: 38770-34534
  Address = /127.0.1.1:34534
Handshake exception on socket: 38770
sbt.impl.ipc.HandshakeException: Unable to perform handshake
	at sbt.impl.ipc.Peer.handshake(IPC.scala:46)
	at sbt.impl.ipc.MultiClientServer.<init>(IPC.scala:150)
	at sbt.server.SbtServerSocketHandler$$anon$1.run(SbtServerSocketHandler.scala:43)
Caused by: java.io.EOFException
	at java.io.DataInputStream.readInt(DataInputStream.java:392)
	at sbt.impl.ipc.Peer.receive(IPC.scala:95)
	at sbt.impl.ipc.Peer.handshake(IPC.scala:49)
	... 2 more
Taking next connection to: 34534
New client attempting to connect on port: 38772-34534
  Address = /127.0.1.1:34534
This client on port 38772 has uuid 0ecf16d4-aed2-4f55-88f4-5498e0df71be configName play-fork-run humanReadableName Play Fork Run protocolVersion 1 featureTags Vector()
Connected Clients: activator-ba67d606-7145-4b44-8908-3d78f92c3ae5, play-fork-run-0ecf16d4-aed2-4f55-88f4-5498e0df71be
Taking next connection to: 34534
New client attempting to connect on port: 38774-34534
  Address = /127.0.1.1:34534
Handshake exception on socket: 38774
sbt.impl.ipc.HandshakeException: Unable to perform handshake
	at sbt.impl.ipc.Peer.handshake(IPC.scala:46)
	at sbt.impl.ipc.MultiClientServer.<init>(IPC.scala:150)
	at sbt.server.SbtServerSocketHandler$$anon$1.run(SbtServerSocketHandler.scala:43)
Caused by: java.io.EOFException
	at java.io.DataInputStream.readInt(DataInputStream.java:392)
	at sbt.impl.ipc.Peer.receive(IPC.scala:95)
	at sbt.impl.ipc.Peer.handshake(IPC.scala:49)
	... 2 more
Taking next connection to: 34534
New client attempting to connect on port: 38776-34534
  Address = /127.0.1.1:34534
This client on port 38776 has uuid 4fe7da09-4672-4edd-bc81-a89cf9553b86 configName play-fork-run humanReadableName Play Fork Run protocolVersion 1 featureTags Vector()
Connected Clients: activator-ba67d606-7145-4b44-8908-3d78f92c3ae5, play-fork-run-4fe7da09-4672-4edd-bc81-a89cf9553b86
Taking next connection to: 34534
New client attempting to connect on port: 39074-34534
  Address = /127.0.1.1:34534
Handshake exception on socket: 39074
sbt.impl.ipc.HandshakeException: Unable to perform handshake
	at sbt.impl.ipc.Peer.handshake(IPC.scala:46)
	at sbt.impl.ipc.MultiClientServer.<init>(IPC.scala:150)
	at sbt.server.SbtServerSocketHandler$$anon$1.run(SbtServerSocketHandler.scala:43)
Caused by: java.io.EOFException
	at java.io.DataInputStream.readInt(DataInputStream.java:392)
	at sbt.impl.ipc.Peer.receive(IPC.scala:95)
	at sbt.impl.ipc.Peer.handshake(IPC.scala:49)
	... 2 more
Taking next connection to: 34534
New client attempting to connect on port: 39076-34534
  Address = /127.0.1.1:34534
This client on port 39076 has uuid d0067702-aa92-4a68-870d-f73d143f0757 configName play-fork-run humanReadableName Play Fork Run protocolVersion 1 featureTags Vector()
Connected Clients: activator-ba67d606-7145-4b44-8908-3d78f92c3ae5, play-fork-run-d0067702-aa92-4a68-870d-f73d143f0757
Taking next connection to: 34534
